ThermicsControl/thermicsControl/build/outputs/logs/manifest-merger-debug-report.txt
-- Merging decision tree log ---
manifest
ADDED from src\main\AndroidManifest.xml:2:1-209:12
	package
		ADDED from src\main\AndroidManifest.xml:3:5-40
		INJECTED from src\main\AndroidManifest.xml
		INJECTED from src\main\AndroidManifest.xml
	android:versionName
		ADDED from src\main\AndroidManifest.xml:6:5-32
		INJECTED from src\main\AndroidManifest.xml
		INJECTED from src\main\AndroidManifest.xml
	android:versionCode
		ADDED from src\main\AndroidManifest.xml:5:5-29
		INJECTED from src\main\AndroidManifest.xml
		INJECTED from src\main\AndroidManifest.xml
	xmlns:android
		ADDED from src\main\AndroidManifest.xml:2:11-69
	android:theme
		ADDED from src\main\AndroidManifest.xml:4:5-40
uses-sdk
ADDED from src\main\AndroidManifest.xml:8:5-10:41
MERGED from [ThermicsControl.libraries:SlidingMenu:unspecified] AndroidManifest.xml:7:5-9:41
MERGED from [com.android.support:support-v4:24.2.0] AndroidManifest.xml:21:5-23:54
MERGED from [com.android.support:support-compat:24.2.0] AndroidManifest.xml:21:5-23:58
MERGED from [com.android.support:support-core-utils:24.2.0] AndroidManifest.xml:21:5-23:61
MERGED from [com.android.support:support-media-compat:24.2.0] AndroidManifest.xml:21:5-23:63
MERGED from [com.android.support:support-core-ui:24.2.0] AndroidManifest.xml:21:5-23:58
MERGED from [com.android.support:support-fragment:24.2.0] AndroidManifest.xml:21:5-23:60
	tools:overrideLibrary
		ADDED from [com.android.support:support-v4:24.2.0] AndroidManifest.xml:23:9-51
	android:targetSdkVersion
		ADDED from src\main\AndroidManifest.xml:10:9-38
		INJECTED from src\main\AndroidManifest.xml
		INJECTED from src\main\AndroidManifest.xml
	android:minSdkVersion
		ADDED from src\main\AndroidManifest.xml:9:9-34
		INJECTED from src\main\AndroidManifest.xml
		INJECTED from src\main\AndroidManifest.xml
uses-permission#android.permission.INTERNET
ADDED from src\main\AndroidManifest.xml:12:5-13:23
	android:name
		ADDED from src\main\AndroidManifest.xml:12:22-64
uses-permission#android.permission.RECEIVE_SMS
ADDED from src\main\AndroidManifest.xml:14:5-15:23
	android:name
		ADDED from src\main\AndroidManifest.xml:14:22-67
uses-permission#android.permission.SEND_SMS
ADDED from src\main\AndroidManifest.xml:16:5-17:23
	android:name
		ADDED from src\main\AndroidManifest.xml:16:22-64
uses-permission#android.permission.READ_PHONE_STATE
ADDED from src\main\AndroidManifest.xml:18:5-19:23
	android:name
		ADDED from src\main\AndroidManifest.xml:18:22-72
uses-permission#android.permission.READ_SMS
ADDED from src\main\AndroidManifest.xml:20:5-21:23
	android:name
		ADDED from src\main\AndroidManifest.xml:20:22-64
uses-permission#android.permission.WRITE_SMS
ADDED from src\main\AndroidManifest.xml:22:5-23:23
	android:name
		ADDED from src\main\AndroidManifest.xml:22:22-65
uses-permission#android.permission.VIBRATE
ADDED from src\main\AndroidManifest.xml:24:5-25:23
	android:name
		ADDED from src\main\AndroidManifest.xml:24:22-63
uses-permission#android.permission.READ_CONTACTS
ADDED from src\main\AndroidManifest.xml:26:5-27:23
	android:name
		ADDED from src\main\AndroidManifest.xml:26:22-69
uses-permission#android.permission.RECEIVE_BOOT_COMPLETED
ADDED from src\main\AndroidManifest.xml:28:5-29:23
	android:name
		ADDED from src\main\AndroidManifest.xml:28:22-78
uses-permission#android.permission.WRITE_EXTERNAL_STORAGE
ADDED from src\main\AndroidManifest.xml:30:5-81
	android:name
		ADDED from src\main\AndroidManifest.xml:30:22-78
uses-permission#com.android.vending.CHECK_LICENSE
ADDED from src\main\AndroidManifest.xml:32:5-73
	android:name
		ADDED from src\main\AndroidManifest.xml:32:22-70
supports-screens
ADDED from src\main\AndroidManifest.xml:34:5-39:46
	android:largeScreens
		ADDED from src\main\AndroidManifest.xml:37:19-46
	android:smallScreens
		ADDED from src\main\AndroidManifest.xml:35:19-46
	android:normalScreens
		ADDED from src\main\AndroidManifest.xml:36:19-47
	android:xlargeScreens
		ADDED from src\main\AndroidManifest.xml:38:19-47
	android:resizeable
		ADDED from src\main\AndroidManifest.xml:34:23-48
	android:anyDensity
		ADDED from src\main\AndroidManifest.xml:39:19-44
application
ADDED from src\main\AndroidManifest.xml:41:5-207:19
MERGED from [com.android.support:support-v4:24.2.0] AndroidManifest.xml:25:5-20
MERGED from [com.android.support:support-compat:24.2.0] AndroidManifest.xml:25:5-20
MERGED from [com.android.support:support-core-utils:24.2.0] AndroidManifest.xml:25:5-20
MERGED from [com.android.support:support-media-compat:24.2.0] AndroidManifest.xml:25:5-20
MERGED from [com.android.support:support-core-ui:24.2.0] AndroidManifest.xml:25:5-20
MERGED from [com.android.support:support-fragment:24.2.0] AndroidManifest.xml:25:5-20
	android:label
		ADDED from src\main\AndroidManifest.xml:45:9-41
	android:allowBackup
		ADDED from src\main\AndroidManifest.xml:43:9-35
	android:icon
		ADDED from src\main\AndroidManifest.xml:44:9-45
	android:theme
		ADDED from src\main\AndroidManifest.xml:46:9-40
	android:name
		ADDED from src\main\AndroidManifest.xml:42:9-68
activity#com.therm.thermicscontrol.MainMenuActivity
ADDED from src\main\AndroidManifest.xml:47:9-57:20
	android:label
		ADDED from src\main\AndroidManifest.xml:49:13-45
	android:launchMode
		ADDED from src\main\AndroidManifest.xml:50:13-43
	android:name
		ADDED from src\main\AndroidManifest.xml:48:13-70
intent-filter#android.intent.action.MAIN+android.intent.category.LAUNCHER
ADDED from src\main\AndroidManifest.xml:52:13-56:29
action#android.intent.action.MAIN
ADDED from src\main\AndroidManifest.xml:53:17-69
	android:name
		ADDED from src\main\AndroidManifest.xml:53:25-66
category#android.intent.category.LAUNCHER
ADDED from src\main\AndroidManifest.xml:55:17-77
	android:name
		ADDED from src\main\AndroidManifest.xml:55:27-74
activity#com.therm.thermicscontrol.SettingsParamActivity
ADDED from src\main\AndroidManifest.xml:58:9-62:20
	android:label
		ADDED from src\main\AndroidManifest.xml:60:13-52
	android:launchMode
		ADDED from src\main\AndroidManifest.xml:61:13-43
	android:name
		ADDED from src\main\AndroidManifest.xml:59:13-75
activity#com.therm.thermicscontrol.ConfigSystemActivity
ADDED from src\main\AndroidManifest.xml:64:9-69:20
	android:label
		ADDED from src\main\AndroidManifest.xml:66:13-56
	android:launchMode
		ADDED from src\main\AndroidManifest.xml:67:13-43
	android:windowSoftInputMode
		ADDED from src\main\AndroidManifest.xml:68:13-67
	android:name
		ADDED from src\main\AndroidManifest.xml:65:13-74
activity#com.therm.thermicscontrol.FunctionReleActivity
ADDED from src\main\AndroidManifest.xml:70:9-75:20
	android:label
		ADDED from src\main\AndroidManifest.xml:72:13-50
	android:launchMode
		ADDED from src\main\AndroidManifest.xml:73:13-43
	android:windowSoftInputMode
		ADDED from src\main\AndroidManifest.xml:74:13-67
	android:name
		ADDED from src\main\AndroidManifest.xml:71:13-74
activity#com.therm.thermicscontrol.FunctionTmpSensorActivity
ADDED from src\main\AndroidManifest.xml:76:9-81:20
	android:label
		ADDED from src\main\AndroidManifest.xml:78:13-57
	android:launchMode
		ADDED from src\main\AndroidManifest.xml:79:13-43
	android:windowSoftInputMode
		ADDED from src\main\AndroidManifest.xml:80:13-67
	android:name
		ADDED from src\main\AndroidManifest.xml:77:13-79
activity#com.therm.thermicscontrol.MessageSystemActivity
ADDED from src\main\AndroidManifest.xml:84:9-89:20
	android:label
		ADDED from src\main\AndroidManifest.xml:86:13-56
	android:launchMode
		ADDED from src\main\AndroidManifest.xml:87:13-43
	android:windowSoftInputMode
		ADDED from src\main\AndroidManifest.xml:88:13-67
	android:name
		ADDED from src\main\AndroidManifest.xml:85:13-75
activity#com.therm.thermicscontrol.NumbersBroadcastActivity
ADDED from src\main\AndroidManifest.xml:90:9-95:20
	android:label
		ADDED from src\main\AndroidManifest.xml:92:13-55
	android:launchMode
		ADDED from src\main\AndroidManifest.xml:93:13-43
	android:windowSoftInputMode
		ADDED from src\main\AndroidManifest.xml:94:13-73
	android:name
		ADDED from src\main\AndroidManifest.xml:91:13-78
activity#com.therm.thermicscontrol.RequestSystemActivity
ADDED from src\main\AndroidManifest.xml:98:9-103:20
	android:label
		ADDED from src\main\AndroidManifest.xml:100:13-48
	android:launchMode
		ADDED from src\main\AndroidManifest.xml:101:13-43
	android:windowSoftInputMode
		ADDED from src\main\AndroidManifest.xml:102:13-73
	android:name
		ADDED from src\main\AndroidManifest.xml:99:13-75
activity#com.therm.thermicscontrol.AddRequestActivity
ADDED from src\main\AndroidManifest.xml:106:9-111:20
	android:label
		ADDED from src\main\AndroidManifest.xml:108:13-48
	android:launchMode
		ADDED from src\main\AndroidManifest.xml:109:13-43
	android:windowSoftInputMode
		ADDED from src\main\AndroidManifest.xml:110:13-73
	android:name
		ADDED from src\main\AndroidManifest.xml:107:13-72
service#com.therm.thermicscontrol.SmsSendService
ADDED from src\main\AndroidManifest.xml:124:9-127:19
	android:process
		ADDED from src\main\AndroidManifest.xml:126:13-53
	android:name
		ADDED from src\main\AndroidManifest.xml:125:13-68
service#com.therm.thermicscontrol.DateTimeActionManager$TimerActionService
ADDED from src\main\AndroidManifest.xml:129:9-132:19
	android:process
		ADDED from src\main\AndroidManifest.xml:131:13-59
	android:name
		ADDED from src\main\AndroidManifest.xml:130:13-94
service#com.therm.thermicscontrol.TimerActionService
ADDED from src\main\AndroidManifest.xml:134:6-136:19
	android:name
		ADDED from src\main\AndroidManifest.xml:135:13-72
service#com.therm.thermicscontrol.SmsService
ADDED from src\main\AndroidManifest.xml:138:9-141:19
	android:name
		ADDED from src\main\AndroidManifest.xml:139:13-64
receiver#com.therm.thermicscontrol.SMSMonitor
ADDED from src\main\AndroidManifest.xml:143:9-148:20
	android:name
		ADDED from src\main\AndroidManifest.xml:144:13-64
intent-filter#android.provider.Telephony.SMS_RECEIVED
ADDED from src\main\AndroidManifest.xml:145:13-147:29
	android:priority
		ADDED from src\main\AndroidManifest.xml:145:28-50
action#android.provider.Telephony.SMS_RECEIVED
ADDED from src\main\AndroidManifest.xml:146:17-82
	android:name
		ADDED from src\main\AndroidManifest.xml:146:25-79
receiver#com.therm.thermicscontrol.BootNotificationReceiver
ADDED from src\main\AndroidManifest.xml:165:9-174:20
	android:enabled
		ADDED from src\main\AndroidManifest.xml:167:13-35
	android:process
		ADDED from src\main\AndroidManifest.xml:170:13-62
	android:label
		ADDED from src\main\AndroidManifest.xml:169:13-55
	android:exported
		ADDED from src\main\AndroidManifest.xml:168:13-37
	android:name
		ADDED from src\main\AndroidManifest.xml:166:13-78
intent-filter#android.intent.action.BOOT_COMPLETED
ADDED from src\main\AndroidManifest.xml:171:13-173:29
action#android.intent.action.BOOT_COMPLETED
ADDED from src\main\AndroidManifest.xml:172:17-79
	android:name
		ADDED from src\main\AndroidManifest.xml:172:25-76
receiver#com.therm.thermicscontrol.SMSRequestReportSender
ADDED from src\main\AndroidManifest.xml:177:9-180:20
	android:process
		ADDED from src\main\AndroidManifest.xml:179:13-61
	android:name
		ADDED from src\main\AndroidManifest.xml:178:13-76
receiver#com.therm.thermicscontrol.PhoneRingingMonitor
ADDED from src\main\AndroidManifest.xml:181:9-189:20
	android:enabled
		ADDED from src\main\AndroidManifest.xml:183:13-35
	android:process
		ADDED from src\main\AndroidManifest.xml:185:13-65
	android:exported
		ADDED from src\main\AndroidManifest.xml:184:13-36
	android:name
		ADDED from src\main\AndroidManifest.xml:182:13-73
intent-filter#android.intent.action.PHONE_STATE
ADDED from src\main\AndroidManifest.xml:186:13-188:29
	android:priority
		ADDED from src\main\AndroidManifest.xml:186:28-50
action#android.intent.action.PHONE_STATE
ADDED from src\main\AndroidManifest.xml:187:17-76
	android:name
		ADDED from src\main\AndroidManifest.xml:187:25-73
activity#com.therm.thermicscontrol.ContactInformationActivity
ADDED from src\main\AndroidManifest.xml:191:9-194:20
	android:label
		ADDED from src\main\AndroidManifest.xml:193:13-71
	android:name
		ADDED from src\main\AndroidManifest.xml:192:13-80
activity#com.therm.thermicscontrol.HelpInformationActivity
ADDED from src\main\AndroidManifest.xml:195:9-198:20
	android:label
		ADDED from src\main\AndroidManifest.xml:197:13-68
	android:name
		ADDED from src\main\AndroidManifest.xml:196:13-77
activity#com.therm.thermicscontrol.TimerActivity
ADDED from src\main\AndroidManifest.xml:199:9-202:20
	android:label
		ADDED from src\main\AndroidManifest.xml:201:13-57
	android:name
		ADDED from src\main\AndroidManifest.xml:200:13-67
activity#com.therm.thermicscontrol.TimersListActivity
ADDED from src\main\AndroidManifest.xml:203:9-206:20
	android:label
		ADDED from src\main\AndroidManifest.xml:205:13-63
	android:name
		ADDED from src\main\AndroidManifest.xml:204:13-72